Mon Aug 15 00:14:30 2016
Server is started with IP 127.0.0.1 and with port 1120
Mon Aug 15 00:14:30 2016
Start registration
Mon Aug 15 00:14:54 2016
New connect: 127.0.0.1 (58810)
Mon Aug 15 00:14:54 2016
Registered: 127.0.0.1 (58810)
Mon Aug 15 00:15:07 2016
New connect: 127.0.0.1 (58812)
Mon Aug 15 00:15:07 2016
Registered: 127.0.0.1 (58812)
Mon Aug 15 00:15:07 2016
Start game
Mon Aug 15 00:15:07 2016
New packet from client 1: FLG_GEN_SHIPS
Mon Aug 15 00:15:07 2016
The answer has been sent
Mon Aug 15 00:15:07 2016
New packet from client 2: FLG_GEN_SHIPS
Mon Aug 15 00:15:08 2016
The answer has been sent
Mon Aug 15 00:15:16 2016
New packet from client 1: FLG_STEP
Mon Aug 15 00:15:16 2016
The answer has been sent
Mon Aug 15 00:15:16 2016
The answer has been sent
Mon Aug 15 00:15:29 2016
New packet from client 2: FLG_STEP
Mon Aug 15 00:15:29 2016
The answer has been sent
Mon Aug 15 00:15:29 2016
The answer has been sent
Mon Aug 15 00:15:36 2016
Client 1 is out
Mon Aug 15 00:15:36 2016
End of game
Mon Aug 15 00:15:47 2016
Server closed


Mon Aug 15 01:20:58 2016
Server is started with IP 127.0.0.1 and with port 1120
Mon Aug 15 01:20:58 2016
Start registration
Mon Aug 15 01:21:11 2016
New connect: 127.0.0.1 (59212)
Mon Aug 15 01:21:11 2016
Registered: 127.0.0.1 (59212)
Mon Aug 15 01:21:21 2016
New connect: 127.0.0.1 (59214)
Mon Aug 15 01:21:21 2016
Registered: 127.0.0.1 (59214)
Mon Aug 15 01:21:21 2016
Start game
Mon Aug 15 01:21:21 2016
New packet from client 1: FLG_GEN_SHIPS
Mon Aug 15 01:21:21 2016
The answer has been sent
Mon Aug 15 01:21:21 2016
New packet from client 2: FLG_GEN_SHIPS
Mon Aug 15 01:21:22 2016
The answer has been sent
Mon Aug 15 01:21:37 2016
New packet from client 1: FLG_STEP
Mon Aug 15 01:21:37 2016
The answer has been sent
Mon Aug 15 01:21:37 2016
The answer has been sent
Mon Aug 15 01:21:48 2016
New packet from client 2: FLG_STEP
Mon Aug 15 01:21:48 2016
The answer has been sent
Mon Aug 15 01:21:48 2016
The answer has been sent
Mon Aug 15 01:21:56 2016
New packet from client 1: FLG_STEP
Mon Aug 15 01:21:56 2016
The answer has been sent
Mon Aug 15 01:21:56 2016
The answer has been sent
Mon Aug 15 01:22:01 2016
New packet from client 2: FLG_STEP
Mon Aug 15 01:22:01 2016
The answer has been sent
Mon Aug 15 01:22:01 2016
The answer has been sent
Mon Aug 15 01:22:12 2016
Client 1 is out
Mon Aug 15 01:22:12 2016
End of game
