This file contains any messages produced by compilers while
running configure, to aid debugging if configure makes a mistake.

It was created by Sea_Fight configure 1.0, which was
generated by GNU Autoconf 2.69.  Invocation command line was

  $ ./configure 

## --------- ##
## Platform. ##
## --------- ##

hostname = alexey-N61Da
uname -m = x86_64
uname -r = 4.4.0-34-generic
uname -s = Linux
uname -v = #53-Ubuntu SMP Wed Jul 27 16:06:39 UTC 2016

/usr/bin/uname -p = unknown
/bin/uname -X     = unknown

/bin/arch              = unknown
/usr/bin/arch -k       = unknown
/usr/convex/getsysinfo = unknown
/usr/bin/hostinfo      = unknown
/bin/machine           = unknown
/usr/bin/oslevel       = unknown
/bin/universe          = unknown

PATH: /usr/local/sbin
PATH: /usr/local/bin
PATH: /usr/sbin
PATH: /usr/bin
PATH: /sbin
PATH: /bin
PATH: /usr/games
PATH: /usr/local/games
PATH: /snap/bin


## ----------- ##
## Core tests. ##
## ----------- ##

configure:2551: checking whether to enable maintainer-specific portions of Makefiles
configure:2560: result: no
configure:2618: checking for a BSD-compatible install
configure:2686: result: /usr/bin/install -c
configure:2697: checking whether build environment is sane
configure:2752: result: yes
configure:2903: checking for a thread-safe mkdir -p
configure:2942: result: /bin/mkdir -p
configure:2949: checking for gawk
configure:2979: result: no
configure:2949: checking for mawk
configure:2965: found /usr/bin/mawk
configure:2976: result: mawk
configure:2987: checking whether make sets $(MAKE)
configure:3009: result: yes
configure:3038: checking whether make supports nested variables
configure:3055: result: yes
configure:3235: checking for gcc
configure:3251: found /usr/bin/gcc
configure:3262: result: gcc
configure:3491: checking for C compiler version
configure:3500: gcc --version >&5
gcc (Ubuntu 5.4.0-6ubuntu1~16.04.2) 5.4.0 20160609
Copyright (C) 2015 Free Software Foundation, Inc.
This is free software; see the source for copying conditions.  There is NO
warranty; not even for MERCHANTABILITY or FITNESS FOR A PARTICULAR PURPOSE.

configure:3511: $? = 0
configure:3500: gcc -v >&5
Using built-in specs.
COLLECT_GCC=gcc
COLLECT_LTO_WRAPPER=/usr/lib/gcc/x86_64-linux-gnu/5/lto-wrapper
Target: x86_64-linux-gnu
Configured with: ../src/configure -v --with-pkgversion='Ubuntu 5.4.0-6ubuntu1~16.04.2' --with-bugurl=file:///usr/share/doc/gcc-5/README.Bugs --enable-languages=c,ada,c++,java,go,d,fortran,objc,obj-c++ --prefix=/usr --program-suffix=-5 --enable-shared --enable-linker-build-id --libexecdir=/usr/lib --without-included-gettext --enable-threads=posix --libdir=/usr/lib --enable-nls --with-sysroot=/ --enable-clocale=gnu --enable-libstdcxx-debug --enable-libstdcxx-time=yes --with-default-libstdcxx-abi=new --enable-gnu-unique-object --disable-vtable-verify --enable-libmpx --enable-plugin --with-system-zlib --disable-browser-plugin --enable-java-awt=gtk --enable-gtk-cairo --with-java-home=/usr/lib/jvm/java-1.5.0-gcj-5-amd64/jre --enable-java-home --with-jvm-root-dir=/usr/lib/jvm/java-1.5.0-gcj-5-amd64 --with-jvm-jar-dir=/usr/lib/jvm-exports/java-1.5.0-gcj-5-amd64 --with-arch-directory=amd64 --with-ecj-jar=/usr/share/java/eclipse-ecj.jar --enable-objc-gc --enable-multiarch --disable-werror --with-arch-32=i686 --with-abi=m64 --with-multilib-list=m32,m64,mx32 --enable-multilib --with-tune=generic --enable-checking=release --build=x86_64-linux-gnu --host=x86_64-linux-gnu --target=x86_64-linux-gnu
Thread model: posix
gcc version 5.4.0 20160609 (Ubuntu 5.4.0-6ubuntu1~16.04.2) 
configure:3511: $? = 0
configure:3500: gcc -V >&5
gcc: error: unrecognized command line option '-V'
gcc: fatal error: no input files
compilation terminated.
configure:3511: $? = 1
configure:3500: gcc -qversion >&5
gcc: error: unrecognized command line option '-qversion'
gcc: fatal error: no input files
compilation terminated.
configure:3511: $? = 1
configure:3531: checking whether the C compiler works
configure:3553: gcc    conftest.c  >&5
configure:3557: $? = 0
configure:3605: result: yes
configure:3608: checking for C compiler default output file name
configure:3610: result: a.out
configure:3616: checking for suffix of executables
configure:3623: gcc -o conftest    conftest.c  >&5
configure:3627: $? = 0
configure:3649: result: 
configure:3671: checking whether we are cross compiling
configure:3679: gcc -o conftest    conftest.c  >&5
configure:3683: $? = 0
configure:3690: ./conftest
configure:3694: $? = 0
configure:3709: result: no
configure:3714: checking for suffix of object files
configure:3736: gcc -c   conftest.c >&5
configure:3740: $? = 0
configure:3761: result: o
configure:3765: checking whether we are using the GNU C compiler
configure:3784: gcc -c   conftest.c >&5
configure:3784: $? = 0
configure:3793: result: yes
configure:3802: checking whether gcc accepts -g
configure:3822: gcc -c -g  conftest.c >&5
configure:3822: $? = 0
configure:3863: result: yes
configure:3880: checking for gcc option to accept ISO C89
configure:3943: gcc  -c -g -O2  conftest.c >&5
configure:3943: $? = 0
configure:3956: result: none needed
configure:3981: checking whether gcc understands -c and -o together
configure:4003: gcc -c conftest.c -o conftest2.o
configure:4006: $? = 0
configure:4003: gcc -c conftest.c -o conftest2.o
configure:4006: $? = 0
configure:4018: result: yes
configure:4046: checking for style of include used by make
configure:4074: result: GNU
configure:4100: checking dependency style of gcc
configure:4211: result: gcc3
configure:4233: checking build system type
configure:4247: result: x86_64-pc-linux-gnu
configure:4267: checking host system type
configure:4280: result: x86_64-pc-linux-gnu
configure:4413: checking if compiler needs -Werror to reject unknown flags
configure:4429: gcc -c -g -O2 -Werror -Wunknown-warning-option -Wsizeof-array-argument  conftest.c >&5
gcc: error: unrecognized command line option '-Wunknown-warning-option'
configure:4429: $? = 1
configure: failed program was:
| /* confdefs.h */
| #define PACKAGE_NAME "Sea_Fight"
| #define PACKAGE_TARNAME "sea_fight"
| #define PACKAGE_VERSION "1.0"
| #define PACKAGE_STRING "Sea_Fight 1.0"
| #define PACKAGE_BUGREPORT ""
| #define PACKAGE_URL ""
| #define PACKAGE "sea_fight"
| #define VERSION "1.0"
| /* end confdefs.h.  */
| int foo(void);
| int
| main ()
| {
| foo()
|   ;
|   return 0;
| }
configure:4434: result: no
configure:4500: checking for the pthreads library -lpthreads
configure:4538: gcc -o conftest -g -O2     conftest.c -lpthreads  >&5
/usr/bin/ld: cannot find -lpthreads
collect2: error: ld returned 1 exit status
configure:4538: $? = 1
configure: failed program was:
| /* confdefs.h */
| #define PACKAGE_NAME "Sea_Fight"
| #define PACKAGE_TARNAME "sea_fight"
| #define PACKAGE_VERSION "1.0"
| #define PACKAGE_STRING "Sea_Fight 1.0"
| #define PACKAGE_BUGREPORT ""
| #define PACKAGE_URL ""
| #define PACKAGE "sea_fight"
| #define VERSION "1.0"
| /* end confdefs.h.  */
| #include <pthread.h>
|                         static void routine(void *a) { a = 0; }
|                         static void *start_routine(void *a) { return a; }
| int
| main ()
| {
| pthread_t th; pthread_attr_t attr;
|                         pthread_create(&th, 0, start_routine, 0);
|                         pthread_join(th, 0);
|                         pthread_attr_init(&attr);
|                         pthread_cleanup_push(routine, 0);
|                         pthread_cleanup_pop(0) /* ; */
|   ;
|   return 0;
| }
configure:4547: result: no
configure:4445: checking whether pthreads work without any flags
configure:4538: gcc -o conftest -g -O2     conftest.c   >&5
/tmp/ccGE5LPb.o: In function `main':
/home/alexey/Sea_Fight (Test branch)/Sea_Fight/conftest.c:18: undefined reference to `pthread_create'
/home/alexey/Sea_Fight (Test branch)/Sea_Fight/conftest.c:19: undefined reference to `pthread_join'
/home/alexey/Sea_Fight (Test branch)/Sea_Fight/conftest.c:21: undefined reference to `__pthread_register_cancel'
/home/alexey/Sea_Fight (Test branch)/Sea_Fight/conftest.c:22: undefined reference to `__pthread_unregister_cancel'
collect2: error: ld returned 1 exit status
configure:4538: $? = 1
configure: failed program was:
| /* confdefs.h */
| #define PACKAGE_NAME "Sea_Fight"
| #define PACKAGE_TARNAME "sea_fight"
| #define PACKAGE_VERSION "1.0"
| #define PACKAGE_STRING "Sea_Fight 1.0"
| #define PACKAGE_BUGREPORT ""
| #define PACKAGE_URL ""
| #define PACKAGE "sea_fight"
| #define VERSION "1.0"
| /* end confdefs.h.  */
| #include <pthread.h>
|                         static void routine(void *a) { a = 0; }
|                         static void *start_routine(void *a) { return a; }
| int
| main ()
| {
| pthread_t th; pthread_attr_t attr;
|                         pthread_create(&th, 0, start_routine, 0);
|                         pthread_join(th, 0);
|                         pthread_attr_init(&attr);
|                         pthread_cleanup_push(routine, 0);
|                         pthread_cleanup_pop(0) /* ; */
|   ;
|   return 0;
| }
configure:4547: result: no
configure:4450: checking whether pthreads work with -Kthread
configure:4538: gcc -o conftest -g -O2 -Kthread    conftest.c   >&5
gcc: error: unrecognized command line option '-Kthread'
configure:4538: $? = 1
configure: failed program was:
| /* confdefs.h */
| #define PACKAGE_NAME "Sea_Fight"
| #define PACKAGE_TARNAME "sea_fight"
| #define PACKAGE_VERSION "1.0"
| #define PACKAGE_STRING "Sea_Fight 1.0"
| #define PACKAGE_BUGREPORT ""
| #define PACKAGE_URL ""
| #define PACKAGE "sea_fight"
| #define VERSION "1.0"
| /* end confdefs.h.  */
| #include <pthread.h>
|                         static void routine(void *a) { a = 0; }
|                         static void *start_routine(void *a) { return a; }
| int
| main ()
| {
| pthread_t th; pthread_attr_t attr;
|                         pthread_create(&th, 0, start_routine, 0);
|                         pthread_join(th, 0);
|                         pthread_attr_init(&attr);
|                         pthread_cleanup_push(routine, 0);
|                         pthread_cleanup_pop(0) /* ; */
|   ;
|   return 0;
| }
configure:4547: result: no
configure:4450: checking whether pthreads work with -kthread
configure:4538: gcc -o conftest -g -O2 -kthread    conftest.c   >&5
gcc: error: unrecognized command line option '-kthread'
configure:4538: $? = 1
configure: failed program was:
| /* confdefs.h */
| #define PACKAGE_NAME "Sea_Fight"
| #define PACKAGE_TARNAME "sea_fight"
| #define PACKAGE_VERSION "1.0"
| #define PACKAGE_STRING "Sea_Fight 1.0"
| #define PACKAGE_BUGREPORT ""
| #define PACKAGE_URL ""
| #define PACKAGE "sea_fight"
| #define VERSION "1.0"
| /* end confdefs.h.  */
| #include <pthread.h>
|                         static void routine(void *a) { a = 0; }
|                         static void *start_routine(void *a) { return a; }
| int
| main ()
| {
| pthread_t th; pthread_attr_t attr;
|                         pthread_create(&th, 0, start_routine, 0);
|                         pthread_join(th, 0);
|                         pthread_attr_init(&attr);
|                         pthread_cleanup_push(routine, 0);
|                         pthread_cleanup_pop(0) /* ; */
|   ;
|   return 0;
| }
configure:4547: result: no
configure:4500: checking for the pthreads library -llthread
configure:4538: gcc -o conftest -g -O2     conftest.c -llthread  >&5
/usr/bin/ld: cannot find -llthread
collect2: error: ld returned 1 exit status
configure:4538: $? = 1
configure: failed program was:
| /* confdefs.h */
| #define PACKAGE_NAME "Sea_Fight"
| #define PACKAGE_TARNAME "sea_fight"
| #define PACKAGE_VERSION "1.0"
| #define PACKAGE_STRING "Sea_Fight 1.0"
| #define PACKAGE_BUGREPORT ""
| #define PACKAGE_URL ""
| #define PACKAGE "sea_fight"
| #define VERSION "1.0"
| /* end confdefs.h.  */
| #include <pthread.h>
|                         static void routine(void *a) { a = 0; }
|                         static void *start_routine(void *a) { return a; }
| int
| main ()
| {
| pthread_t th; pthread_attr_t attr;
|                         pthread_create(&th, 0, start_routine, 0);
|                         pthread_join(th, 0);
|                         pthread_attr_init(&attr);
|                         pthread_cleanup_push(routine, 0);
|                         pthread_cleanup_pop(0) /* ; */
|   ;
|   return 0;
| }
configure:4547: result: no
configure:4450: checking whether pthreads work with -pthread
configure:4538: gcc -o conftest -g -O2 -pthread    conftest.c   >&5
configure:4538: $? = 0
configure:4547: result: yes
configure:4566: checking for joinable pthread attribute
configure:4581: gcc -o conftest -g -O2 -pthread   conftest.c   >&5
configure:4581: $? = 0
configure:4587: result: PTHREAD_CREATE_JOINABLE
configure:4597: checking if more special flags are required for pthreads
configure:4612: result: no
configure:4618: checking for PTHREAD_PRIO_INHERIT
configure:4635: gcc -o conftest -g -O2 -pthread   conftest.c   >&5
configure:4635: $? = 0
configure:4644: result: yes
configure:4765: checking for pthread_join in LIBS= with CFLAGS=-pthread
configure:4785: gcc -o conftest -g -O2 -pthread   conftest.c   >&5
configure:4785: $? = 0
configure:4790: result: yes
configure:4855: checking if compiler needs -Werror to reject unknown flags
configure:4871: gcc -c -g -O2 -Werror -Wunknown-warning-option -Wsizeof-array-argument  conftest.c >&5
gcc: error: unrecognized command line option '-Wunknown-warning-option'
configure:4871: $? = 1
configure: failed program was:
| /* confdefs.h */
| #define PACKAGE_NAME "Sea_Fight"
| #define PACKAGE_TARNAME "sea_fight"
| #define PACKAGE_VERSION "1.0"
| #define PACKAGE_STRING "Sea_Fight 1.0"
| #define PACKAGE_BUGREPORT ""
| #define PACKAGE_URL ""
| #define PACKAGE "sea_fight"
| #define VERSION "1.0"
| #define HAVE_PTHREAD_PRIO_INHERIT 1
| #define HAVE_PTHREAD 1
| /* end confdefs.h.  */
| int foo(void);
| int
| main ()
| {
| foo()
|   ;
|   return 0;
| }
configure:4876: result: no
configure:5008: checking for joinable pthread attribute
configure:5023: gcc -o conftest -g -O2 -pthread   conftest.c   >&5
configure:5023: $? = 0
configure:5029: result: PTHREAD_CREATE_JOINABLE
configure:5039: checking if more special flags are required for pthreads
configure:5054: result: no
configure:5060: checking for PTHREAD_PRIO_INHERIT
configure:5086: result: yes
configure:5219: checking for NcursesW wide-character library
configure:5243: gcc -o conftest -g -O2   conftest.c  -lncursesw >&5
/usr/bin/ld: cannot find -lncursesw
collect2: error: ld returned 1 exit status
configure:5243: $? = 1
configure: failed program was:
| /* confdefs.h */
| #define PACKAGE_NAME "Sea_Fight"
| #define PACKAGE_TARNAME "sea_fight"
| #define PACKAGE_VERSION "1.0"
| #define PACKAGE_STRING "Sea_Fight 1.0"
| #define PACKAGE_BUGREPORT ""
| #define PACKAGE_URL ""
| #define PACKAGE "sea_fight"
| #define VERSION "1.0"
| #define HAVE_PTHREAD_PRIO_INHERIT 1
| #define HAVE_PTHREAD 1
| #define HAVE_PTHREAD_PRIO_INHERIT 1
| #define HAVE_PTHREAD 1
| /* end confdefs.h.  */
| 
| /* Override any GCC internal prototype to avoid an error.
|    Use char because int might match the return type of a GCC
|    builtin and then its argument prototype would still apply.  */
| #ifdef __cplusplus
| extern "C"
| #endif
| char initscr ();
| int
| main ()
| {
| return initscr ();
|   ;
|   return 0;
| }
configure:5252: result: no
configure:5481: checking for Ncurses library
configure:5505: gcc -o conftest -g -O2   conftest.c  -lncurses >&5
configure:5505: $? = 0
configure:5514: result: yes
configure:5534: checking for working ncurses/curses.h
configure:5561: gcc -o conftest -g -O2   conftest.c  -lncurses >&5
conftest.c:18:52: fatal error: ncurses/curses.h: No such file or directory
compilation terminated.
configure:5561: $? = 1
configure: failed program was:
| /* confdefs.h */
| #define PACKAGE_NAME "Sea_Fight"
| #define PACKAGE_TARNAME "sea_fight"
| #define PACKAGE_VERSION "1.0"
| #define PACKAGE_STRING "Sea_Fight 1.0"
| #define PACKAGE_BUGREPORT ""
| #define PACKAGE_URL ""
| #define PACKAGE "sea_fight"
| #define VERSION "1.0"
| #define HAVE_PTHREAD_PRIO_INHERIT 1
| #define HAVE_PTHREAD 1
| #define HAVE_PTHREAD_PRIO_INHERIT 1
| #define HAVE_PTHREAD 1
| #define HAVE_NCURSES 1
| #define HAVE_CURSES 1
| /* end confdefs.h.  */
| 
|                         #include <ncurses/curses.h>
| 
| int
| main ()
| {
| 
|                         chtype a = A_BOLD;
|                         int b = KEY_LEFT;
|                         chtype c = COLOR_PAIR(1) & A_COLOR;
|                         int g = getattrs(stdscr);
|                         int h = getcurx(stdscr) + getmaxx(stdscr);
|                         initscr();
|                         init_pair(1, COLOR_WHITE, COLOR_RED);
| 
|   ;
|   return 0;
| }
configure:5570: result: no
configure:5588: checking for working ncurses.h
configure:5615: gcc -o conftest -g -O2   conftest.c  -lncurses >&5
configure:5615: $? = 0
configure:5624: result: yes
configure:5952: checking how to run the C preprocessor
configure:5983: gcc -E  conftest.c
configure:5983: $? = 0
configure:5997: gcc -E  conftest.c
conftest.c:20:28: fatal error: ac_nonexistent.h: No such file or directory
compilation terminated.
configure:5997: $? = 1
configure: failed program was:
| /* confdefs.h */
| #define PACKAGE_NAME "Sea_Fight"
| #define PACKAGE_TARNAME "sea_fight"
| #define PACKAGE_VERSION "1.0"
| #define PACKAGE_STRING "Sea_Fight 1.0"
| #define PACKAGE_BUGREPORT ""
| #define PACKAGE_URL ""
| #define PACKAGE "sea_fight"
| #define VERSION "1.0"
| #define HAVE_PTHREAD_PRIO_INHERIT 1
| #define HAVE_PTHREAD 1
| #define HAVE_PTHREAD_PRIO_INHERIT 1
| #define HAVE_PTHREAD 1
| #define HAVE_NCURSES 1
| #define HAVE_CURSES 1
| #define HAVE_CURSES_COLOR 1
| #define HAVE_CURSES_OBSOLETE 1
| #define HAVE_NCURSES_H 1
| /* end confdefs.h.  */
| #include <ac_nonexistent.h>
configure:6022: result: gcc -E
configure:6042: gcc -E  conftest.c
configure:6042: $? = 0
configure:6056: gcc -E  conftest.c
conftest.c:20:28: fatal error: ac_nonexistent.h: No such file or directory
compilation terminated.
configure:6056: $? = 1
configure: failed program was:
| /* confdefs.h */
| #define PACKAGE_NAME "Sea_Fight"
| #define PACKAGE_TARNAME "sea_fight"
| #define PACKAGE_VERSION "1.0"
| #define PACKAGE_STRING "Sea_Fight 1.0"
| #define PACKAGE_BUGREPORT ""
| #define PACKAGE_URL ""
| #define PACKAGE "sea_fight"
| #define VERSION "1.0"
| #define HAVE_PTHREAD_PRIO_INHERIT 1
| #define HAVE_PTHREAD 1
| #define HAVE_PTHREAD_PRIO_INHERIT 1
| #define HAVE_PTHREAD 1
| #define HAVE_NCURSES 1
| #define HAVE_CURSES 1
| #define HAVE_CURSES_COLOR 1
| #define HAVE_CURSES_OBSOLETE 1
| #define HAVE_NCURSES_H 1
| /* end confdefs.h.  */
| #include <ac_nonexistent.h>
configure:6085: checking for grep that handles long lines and -e
configure:6143: result: /bin/grep
configure:6148: checking for egrep
configure:6210: result: /bin/grep -E
configure:6215: checking for ANSI C header files
configure:6235: gcc -c -g -O2  conftest.c >&5
configure:6235: $? = 0
configure:6308: gcc -o conftest -g -O2   conftest.c  >&5
configure:6308: $? = 0
configure:6308: ./conftest
configure:6308: $? = 0
configure:6319: result: yes
configure:6332: checking for sys/types.h
configure:6332: gcc -c -g -O2  conftest.c >&5
configure:6332: $? = 0
configure:6332: result: yes
configure:6332: checking for sys/stat.h
configure:6332: gcc -c -g -O2  conftest.c >&5
configure:6332: $? = 0
configure:6332: result: yes
configure:6332: checking for stdlib.h
configure:6332: gcc -c -g -O2  conftest.c >&5
configure:6332: $? = 0
configure:6332: result: yes
configure:6332: checking for string.h
configure:6332: gcc -c -g -O2  conftest.c >&5
configure:6332: $? = 0
configure:6332: result: yes
configure:6332: checking for memory.h
configure:6332: gcc -c -g -O2  conftest.c >&5
configure:6332: $? = 0
configure:6332: result: yes
configure:6332: checking for strings.h
configure:6332: gcc -c -g -O2  conftest.c >&5
configure:6332: $? = 0
configure:6332: result: yes
configure:6332: checking for inttypes.h
configure:6332: gcc -c -g -O2  conftest.c >&5
configure:6332: $? = 0
configure:6332: result: yes
configure:6332: checking for stdint.h
configure:6332: gcc -c -g -O2  conftest.c >&5
configure:6332: $? = 0
configure:6332: result: yes
configure:6332: checking for unistd.h
configure:6332: gcc -c -g -O2  conftest.c >&5
configure:6332: $? = 0
configure:6332: result: yes
configure:6347: checking for stdlib.h
configure:6347: result: yes
configure:6347: checking stdio.h usability
configure:6347: gcc -c -g -O2  conftest.c >&5
configure:6347: $? = 0
configure:6347: result: yes
configure:6347: checking stdio.h presence
configure:6347: gcc -E  conftest.c
configure:6347: $? = 0
configure:6347: result: yes
configure:6347: checking for stdio.h
configure:6347: result: yes
configure:6347: checking unistd.harpa/inet.h usability
configure:6347: gcc -c -g -O2  conftest.c >&5
conftest.c:65:31: fatal error: unistd.harpa/inet.h: No such file or directory
compilation terminated.
configure:6347: $? = 1
configure: failed program was:
| /* confdefs.h */
| #define PACKAGE_NAME "Sea_Fight"
| #define PACKAGE_TARNAME "sea_fight"
| #define PACKAGE_VERSION "1.0"
| #define PACKAGE_STRING "Sea_Fight 1.0"
| #define PACKAGE_BUGREPORT ""
| #define PACKAGE_URL ""
| #define PACKAGE "sea_fight"
| #define VERSION "1.0"
| #define HAVE_PTHREAD_PRIO_INHERIT 1
| #define HAVE_PTHREAD 1
| #define HAVE_PTHREAD_PRIO_INHERIT 1
| #define HAVE_PTHREAD 1
| #define HAVE_NCURSES 1
| #define HAVE_CURSES 1
| #define HAVE_CURSES_COLOR 1
| #define HAVE_CURSES_OBSOLETE 1
| #define HAVE_NCURSES_H 1
| #define STDC_HEADERS 1
| #define HAVE_SYS_TYPES_H 1
| #define HAVE_SYS_STAT_H 1
| #define HAVE_STDLIB_H 1
| #define HAVE_STRING_H 1
| #define HAVE_MEMORY_H 1
| #define HAVE_STRINGS_H 1
| #define HAVE_INTTYPES_H 1
| #define HAVE_STDINT_H 1
| #define HAVE_UNISTD_H 1
| #define HAVE_STDLIB_H 1
| #define HAVE_STDIO_H 1
| /* end confdefs.h.  */
| #include <stdio.h>
| #ifdef HAVE_SYS_TYPES_H
| # include <sys/types.h>
| #endif
| #ifdef HAVE_SYS_STAT_H
| # include <sys/stat.h>
| #endif
| #ifdef STDC_HEADERS
| # include <stdlib.h>
| # include <stddef.h>
| #else
| # ifdef HAVE_STDLIB_H
| #  include <stdlib.h>
| # endif
| #endif
| #ifdef HAVE_STRING_H
| # if !defined STDC_HEADERS && defined HAVE_MEMORY_H
| #  include <memory.h>
| # endif
| # include <string.h>
| #endif
| #ifdef HAVE_STRINGS_H
| # include <strings.h>
| #endif
| #ifdef HAVE_INTTYPES_H
| # include <inttypes.h>
| #endif
| #ifdef HAVE_STDINT_H
| # include <stdint.h>
| #endif
| #ifdef HAVE_UNISTD_H
| # include <unistd.h>
| #endif
| #include <unistd.harpa/inet.h>
configure:6347: result: no
configure:6347: checking unistd.harpa/inet.h presence
configure:6347: gcc -E  conftest.c
conftest.c:32:31: fatal error: unistd.harpa/inet.h: No such file or directory
compilation terminated.
configure:6347: $? = 1
configure: failed program was:
| /* confdefs.h */
| #define PACKAGE_NAME "Sea_Fight"
| #define PACKAGE_TARNAME "sea_fight"
| #define PACKAGE_VERSION "1.0"
| #define PACKAGE_STRING "Sea_Fight 1.0"
| #define PACKAGE_BUGREPORT ""
| #define PACKAGE_URL ""
| #define PACKAGE "sea_fight"
| #define VERSION "1.0"
| #define HAVE_PTHREAD_PRIO_INHERIT 1
| #define HAVE_PTHREAD 1
| #define HAVE_PTHREAD_PRIO_INHERIT 1
| #define HAVE_PTHREAD 1
| #define HAVE_NCURSES 1
| #define HAVE_CURSES 1
| #define HAVE_CURSES_COLOR 1
| #define HAVE_CURSES_OBSOLETE 1
| #define HAVE_NCURSES_H 1
| #define STDC_HEADERS 1
| #define HAVE_SYS_TYPES_H 1
| #define HAVE_SYS_STAT_H 1
| #define HAVE_STDLIB_H 1
| #define HAVE_STRING_H 1
| #define HAVE_MEMORY_H 1
| #define HAVE_STRINGS_H 1
| #define HAVE_INTTYPES_H 1
| #define HAVE_STDINT_H 1
| #define HAVE_UNISTD_H 1
| #define HAVE_STDLIB_H 1
| #define HAVE_STDIO_H 1
| /* end confdefs.h.  */
| #include <unistd.harpa/inet.h>
configure:6347: result: no
configure:6347: checking for unistd.harpa/inet.h
configure:6347: result: no
configure:6347: checking netinet/in.h usability
configure:6347: gcc -c -g -O2  conftest.c >&5
configure:6347: $? = 0
configure:6347: result: yes
configure:6347: checking netinet/in.h presence
configure:6347: gcc -E  conftest.c
configure:6347: $? = 0
configure:6347: result: yes
configure:6347: checking for netinet/in.h
configure:6347: result: yes
configure:6347: checking sys/socket.h usability
configure:6347: gcc -c -g -O2  conftest.c >&5
configure:6347: $? = 0
configure:6347: result: yes
configure:6347: checking sys/socket.h presence
configure:6347: gcc -E  conftest.c
configure:6347: $? = 0
configure:6347: result: yes
configure:6347: checking for sys/socket.h
configure:6347: result: yes
configure:6347: checking locale.h usability
configure:6347: gcc -c -g -O2  conftest.c >&5
configure:6347: $? = 0
configure:6347: result: yes
configure:6347: checking locale.h presence
configure:6347: gcc -E  conftest.c
configure:6347: $? = 0
configure:6347: result: yes
configure:6347: checking for locale.h
configure:6347: result: yes
configure:6347: checking malloc.h usability
configure:6347: gcc -c -g -O2  conftest.c >&5
configure:6347: $? = 0
configure:6347: result: yes
configure:6347: checking malloc.h presence
configure:6347: gcc -E  conftest.c
configure:6347: $? = 0
configure:6347: result: yes
configure:6347: checking for malloc.h
configure:6347: result: yes
configure:6347: checking for string.h
configure:6347: result: yes
configure:6347: checking sys/time.h usability
configure:6347: gcc -c -g -O2  conftest.c >&5
configure:6347: $? = 0
configure:6347: result: yes
configure:6347: checking sys/time.h presence
configure:6347: gcc -E  conftest.c
configure:6347: $? = 0
configure:6347: result: yes
configure:6347: checking for sys/time.h
configure:6347: result: yes
configure:6347: checking fcntl.h usability
configure:6347: gcc -c -g -O2  conftest.c >&5
configure:6347: $? = 0
configure:6347: result: yes
configure:6347: checking fcntl.h presence
configure:6347: gcc -E  conftest.c
configure:6347: $? = 0
configure:6347: result: yes
configure:6347: checking for fcntl.h
configure:6347: result: yes
configure:6347: checking stdbool.h usability
configure:6347: gcc -c -g -O2  conftest.c >&5
configure:6347: $? = 0
configure:6347: result: yes
configure:6347: checking stdbool.h presence
configure:6347: gcc -E  conftest.c
configure:6347: $? = 0
configure:6347: result: yes
configure:6347: checking for stdbool.h
configure:6347: result: yes
configure:6359: checking whether byte ordering is bigendian
configure:6374: gcc -c -g -O2  conftest.c >&5
conftest.c:41:9: error: unknown type name 'not'
         not a universal capable compiler
         ^
conftest.c:41:15: error: expected '=', ',', ';', 'asm' or '__attribute__' before 'universal'
         not a universal capable compiler
               ^
conftest.c:41:15: error: unknown type name 'universal'
configure:6374: $? = 1
configure: failed program was:
| /* confdefs.h */
| #define PACKAGE_NAME "Sea_Fight"
| #define PACKAGE_TARNAME "sea_fight"
| #define PACKAGE_VERSION "1.0"
| #define PACKAGE_STRING "Sea_Fight 1.0"
| #define PACKAGE_BUGREPORT ""
| #define PACKAGE_URL ""
| #define PACKAGE "sea_fight"
| #define VERSION "1.0"
| #define HAVE_PTHREAD_PRIO_INHERIT 1
| #define HAVE_PTHREAD 1
| #define HAVE_PTHREAD_PRIO_INHERIT 1
| #define HAVE_PTHREAD 1
| #define HAVE_NCURSES 1
| #define HAVE_CURSES 1
| #define HAVE_CURSES_COLOR 1
| #define HAVE_CURSES_OBSOLETE 1
| #define HAVE_NCURSES_H 1
| #define STDC_HEADERS 1
| #define HAVE_SYS_TYPES_H 1
| #define HAVE_SYS_STAT_H 1
| #define HAVE_STDLIB_H 1
| #define HAVE_STRING_H 1
| #define HAVE_MEMORY_H 1
| #define HAVE_STRINGS_H 1
| #define HAVE_INTTYPES_H 1
| #define HAVE_STDINT_H 1
| #define HAVE_UNISTD_H 1
| #define HAVE_STDLIB_H 1
| #define HAVE_STDIO_H 1
| #define HAVE_NETINET_IN_H 1
| #define HAVE_SYS_SOCKET_H 1
| #define HAVE_LOCALE_H 1
| #define HAVE_MALLOC_H 1
| #define HAVE_STRING_H 1
| #define HAVE_SYS_TIME_H 1
| #define HAVE_FCNTL_H 1
| #define HAVE_STDBOOL_H 1
| /* end confdefs.h.  */
| #ifndef __APPLE_CC__
| 	       not a universal capable compiler
| 	     #endif
| 	     typedef int dummy;
| 
configure:6419: gcc -c -g -O2  conftest.c >&5
configure:6419: $? = 0
configure:6437: gcc -c -g -O2  conftest.c >&5
conftest.c: In function 'main':
conftest.c:47:4: error: unknown type name 'not'
    not big endian
    ^
conftest.c:47:12: error: expected '=', ',', ';', 'asm' or '__attribute__' before 'endian'
    not big endian
            ^
configure:6437: $? = 1
configure: failed program was:
| /* confdefs.h */
| #define PACKAGE_NAME "Sea_Fight"
| #define PACKAGE_TARNAME "sea_fight"
| #define PACKAGE_VERSION "1.0"
| #define PACKAGE_STRING "Sea_Fight 1.0"
| #define PACKAGE_BUGREPORT ""
| #define PACKAGE_URL ""
| #define PACKAGE "sea_fight"
| #define VERSION "1.0"
| #define HAVE_PTHREAD_PRIO_INHERIT 1
| #define HAVE_PTHREAD 1
| #define HAVE_PTHREAD_PRIO_INHERIT 1
| #define HAVE_PTHREAD 1
| #define HAVE_NCURSES 1
| #define HAVE_CURSES 1
| #define HAVE_CURSES_COLOR 1
| #define HAVE_CURSES_OBSOLETE 1
| #define HAVE_NCURSES_H 1
| #define STDC_HEADERS 1
| #define HAVE_SYS_TYPES_H 1
| #define HAVE_SYS_STAT_H 1
| #define HAVE_STDLIB_H 1
| #define HAVE_STRING_H 1
| #define HAVE_MEMORY_H 1
| #define HAVE_STRINGS_H 1
| #define HAVE_INTTYPES_H 1
| #define HAVE_STDINT_H 1
| #define HAVE_UNISTD_H 1
| #define HAVE_STDLIB_H 1
| #define HAVE_STDIO_H 1
| #define HAVE_NETINET_IN_H 1
| #define HAVE_SYS_SOCKET_H 1
| #define HAVE_LOCALE_H 1
| #define HAVE_MALLOC_H 1
| #define HAVE_STRING_H 1
| #define HAVE_SYS_TIME_H 1
| #define HAVE_FCNTL_H 1
| #define HAVE_STDBOOL_H 1
| /* end confdefs.h.  */
| #include <sys/types.h>
| 		#include <sys/param.h>
| 
| int
| main ()
| {
| #if BYTE_ORDER != BIG_ENDIAN
| 		 not big endian
| 		#endif
| 
|   ;
|   return 0;
| }
configure:6565: result: no
configure:6583: checking for uid_t in sys/types.h
configure:6602: result: yes
configure:6613: checking for pid_t
configure:6613: gcc -c -g -O2  conftest.c >&5
configure:6613: $? = 0
configure:6613: gcc -c -g -O2  conftest.c >&5
conftest.c: In function 'main':
conftest.c:76:20: error: expected expression before ')' token
 if (sizeof ((pid_t)))
                    ^
configure:6613: $? = 1
configure: failed program was:
| /* confdefs.h */
| #define PACKAGE_NAME "Sea_Fight"
| #define PACKAGE_TARNAME "sea_fight"
| #define PACKAGE_VERSION "1.0"
| #define PACKAGE_STRING "Sea_Fight 1.0"
| #define PACKAGE_BUGREPORT ""
| #define PACKAGE_URL ""
| #define PACKAGE "sea_fight"
| #define VERSION "1.0"
| #define HAVE_PTHREAD_PRIO_INHERIT 1
| #define HAVE_PTHREAD 1
| #define HAVE_PTHREAD_PRIO_INHERIT 1
| #define HAVE_PTHREAD 1
| #define HAVE_NCURSES 1
| #define HAVE_CURSES 1
| #define HAVE_CURSES_COLOR 1
| #define HAVE_CURSES_OBSOLETE 1
| #define HAVE_NCURSES_H 1
| #define STDC_HEADERS 1
| #define HAVE_SYS_TYPES_H 1
| #define HAVE_SYS_STAT_H 1
| #define HAVE_STDLIB_H 1
| #define HAVE_STRING_H 1
| #define HAVE_MEMORY_H 1
| #define HAVE_STRINGS_H 1
| #define HAVE_INTTYPES_H 1
| #define HAVE_STDINT_H 1
| #define HAVE_UNISTD_H 1
| #define HAVE_STDLIB_H 1
| #define HAVE_STDIO_H 1
| #define HAVE_NETINET_IN_H 1
| #define HAVE_SYS_SOCKET_H 1
| #define HAVE_LOCALE_H 1
| #define HAVE_MALLOC_H 1
| #define HAVE_STRING_H 1
| #define HAVE_SYS_TIME_H 1
| #define HAVE_FCNTL_H 1
| #define HAVE_STDBOOL_H 1
| /* end confdefs.h.  */
| #include <stdio.h>
| #ifdef HAVE_SYS_TYPES_H
| # include <sys/types.h>
| #endif
| #ifdef HAVE_SYS_STAT_H
| # include <sys/stat.h>
| #endif
| #ifdef STDC_HEADERS
| # include <stdlib.h>
| # include <stddef.h>
| #else
| # ifdef HAVE_STDLIB_H
| #  include <stdlib.h>
| # endif
| #endif
| #ifdef HAVE_STRING_H
| # if !defined STDC_HEADERS && defined HAVE_MEMORY_H
| #  include <memory.h>
| # endif
| # include <string.h>
| #endif
| #ifdef HAVE_STRINGS_H
| # include <strings.h>
| #endif
| #ifdef HAVE_INTTYPES_H
| # include <inttypes.h>
| #endif
| #ifdef HAVE_STDINT_H
| # include <stdint.h>
| #endif
| #ifdef HAVE_UNISTD_H
| # include <unistd.h>
| #endif
| int
| main ()
| {
| if (sizeof ((pid_t)))
| 	    return 0;
|   ;
|   return 0;
| }
configure:6613: result: yes
configure:6624: checking for size_t
configure:6624: gcc -c -g -O2  conftest.c >&5
configure:6624: $? = 0
configure:6624: gcc -c -g -O2  conftest.c >&5
conftest.c: In function 'main':
conftest.c:76:21: error: expected expression before ')' token
 if (sizeof ((size_t)))
                     ^
configure:6624: $? = 1
configure: failed program was:
| /* confdefs.h */
| #define PACKAGE_NAME "Sea_Fight"
| #define PACKAGE_TARNAME "sea_fight"
| #define PACKAGE_VERSION "1.0"
| #define PACKAGE_STRING "Sea_Fight 1.0"
| #define PACKAGE_BUGREPORT ""
| #define PACKAGE_URL ""
| #define PACKAGE "sea_fight"
| #define VERSION "1.0"
| #define HAVE_PTHREAD_PRIO_INHERIT 1
| #define HAVE_PTHREAD 1
| #define HAVE_PTHREAD_PRIO_INHERIT 1
| #define HAVE_PTHREAD 1
| #define HAVE_NCURSES 1
| #define HAVE_CURSES 1
| #define HAVE_CURSES_COLOR 1
| #define HAVE_CURSES_OBSOLETE 1
| #define HAVE_NCURSES_H 1
| #define STDC_HEADERS 1
| #define HAVE_SYS_TYPES_H 1
| #define HAVE_SYS_STAT_H 1
| #define HAVE_STDLIB_H 1
| #define HAVE_STRING_H 1
| #define HAVE_MEMORY_H 1
| #define HAVE_STRINGS_H 1
| #define HAVE_INTTYPES_H 1
| #define HAVE_STDINT_H 1
| #define HAVE_UNISTD_H 1
| #define HAVE_STDLIB_H 1
| #define HAVE_STDIO_H 1
| #define HAVE_NETINET_IN_H 1
| #define HAVE_SYS_SOCKET_H 1
| #define HAVE_LOCALE_H 1
| #define HAVE_MALLOC_H 1
| #define HAVE_STRING_H 1
| #define HAVE_SYS_TIME_H 1
| #define HAVE_FCNTL_H 1
| #define HAVE_STDBOOL_H 1
| /* end confdefs.h.  */
| #include <stdio.h>
| #ifdef HAVE_SYS_TYPES_H
| # include <sys/types.h>
| #endif
| #ifdef HAVE_SYS_STAT_H
| # include <sys/stat.h>
| #endif
| #ifdef STDC_HEADERS
| # include <stdlib.h>
| # include <stddef.h>
| #else
| # ifdef HAVE_STDLIB_H
| #  include <stdlib.h>
| # endif
| #endif
| #ifdef HAVE_STRING_H
| # if !defined STDC_HEADERS && defined HAVE_MEMORY_H
| #  include <memory.h>
| # endif
| # include <string.h>
| #endif
| #ifdef HAVE_STRINGS_H
| # include <strings.h>
| #endif
| #ifdef HAVE_INTTYPES_H
| # include <inttypes.h>
| #endif
| #ifdef HAVE_STDINT_H
| # include <stdint.h>
| #endif
| #ifdef HAVE_UNISTD_H
| # include <unistd.h>
| #endif
| int
| main ()
| {
| if (sizeof ((size_t)))
| 	    return 0;
|   ;
|   return 0;
| }
configure:6624: result: yes
configure:6639: checking vfork.h usability
configure:6639: gcc -c -g -O2  conftest.c >&5
conftest.c:73:19: fatal error: vfork.h: No such file or directory
compilation terminated.
configure:6639: $? = 1
configure: failed program was:
| /* confdefs.h */
| #define PACKAGE_NAME "Sea_Fight"
| #define PACKAGE_TARNAME "sea_fight"
| #define PACKAGE_VERSION "1.0"
| #define PACKAGE_STRING "Sea_Fight 1.0"
| #define PACKAGE_BUGREPORT ""
| #define PACKAGE_URL ""
| #define PACKAGE "sea_fight"
| #define VERSION "1.0"
| #define HAVE_PTHREAD_PRIO_INHERIT 1
| #define HAVE_PTHREAD 1
| #define HAVE_PTHREAD_PRIO_INHERIT 1
| #define HAVE_PTHREAD 1
| #define HAVE_NCURSES 1
| #define HAVE_CURSES 1
| #define HAVE_CURSES_COLOR 1
| #define HAVE_CURSES_OBSOLETE 1
| #define HAVE_NCURSES_H 1
| #define STDC_HEADERS 1
| #define HAVE_SYS_TYPES_H 1
| #define HAVE_SYS_STAT_H 1
| #define HAVE_STDLIB_H 1
| #define HAVE_STRING_H 1
| #define HAVE_MEMORY_H 1
| #define HAVE_STRINGS_H 1
| #define HAVE_INTTYPES_H 1
| #define HAVE_STDINT_H 1
| #define HAVE_UNISTD_H 1
| #define HAVE_STDLIB_H 1
| #define HAVE_STDIO_H 1
| #define HAVE_NETINET_IN_H 1
| #define HAVE_SYS_SOCKET_H 1
| #define HAVE_LOCALE_H 1
| #define HAVE_MALLOC_H 1
| #define HAVE_STRING_H 1
| #define HAVE_SYS_TIME_H 1
| #define HAVE_FCNTL_H 1
| #define HAVE_STDBOOL_H 1
| /* end confdefs.h.  */
| #include <stdio.h>
| #ifdef HAVE_SYS_TYPES_H
| # include <sys/types.h>
| #endif
| #ifdef HAVE_SYS_STAT_H
| # include <sys/stat.h>
| #endif
| #ifdef STDC_HEADERS
| # include <stdlib.h>
| # include <stddef.h>
| #else
| # ifdef HAVE_STDLIB_H
| #  include <stdlib.h>
| # endif
| #endif
| #ifdef HAVE_STRING_H
| # if !defined STDC_HEADERS && defined HAVE_MEMORY_H
| #  include <memory.h>
| # endif
| # include <string.h>
| #endif
| #ifdef HAVE_STRINGS_H
| # include <strings.h>
| #endif
| #ifdef HAVE_INTTYPES_H
| # include <inttypes.h>
| #endif
| #ifdef HAVE_STDINT_H
| # include <stdint.h>
| #endif
| #ifdef HAVE_UNISTD_H
| # include <unistd.h>
| #endif
| #include <vfork.h>
configure:6639: result: no
configure:6639: checking vfork.h presence
configure:6639: gcc -E  conftest.c
conftest.c:40:19: fatal error: vfork.h: No such file or directory
compilation terminated.
configure:6639: $? = 1
configure: failed program was:
| /* confdefs.h */
| #define PACKAGE_NAME "Sea_Fight"
| #define PACKAGE_TARNAME "sea_fight"
| #define PACKAGE_VERSION "1.0"
| #define PACKAGE_STRING "Sea_Fight 1.0"
| #define PACKAGE_BUGREPORT ""
| #define PACKAGE_URL ""
| #define PACKAGE "sea_fight"
| #define VERSION "1.0"
| #define HAVE_PTHREAD_PRIO_INHERIT 1
| #define HAVE_PTHREAD 1
| #define HAVE_PTHREAD_PRIO_INHERIT 1
| #define HAVE_PTHREAD 1
| #define HAVE_NCURSES 1
| #define HAVE_CURSES 1
| #define HAVE_CURSES_COLOR 1
| #define HAVE_CURSES_OBSOLETE 1
| #define HAVE_NCURSES_H 1
| #define STDC_HEADERS 1
| #define HAVE_SYS_TYPES_H 1
| #define HAVE_SYS_STAT_H 1
| #define HAVE_STDLIB_H 1
| #define HAVE_STRING_H 1
| #define HAVE_MEMORY_H 1
| #define HAVE_STRINGS_H 1
| #define HAVE_INTTYPES_H 1
| #define HAVE_STDINT_H 1
| #define HAVE_UNISTD_H 1
| #define HAVE_STDLIB_H 1
| #define HAVE_STDIO_H 1
| #define HAVE_NETINET_IN_H 1
| #define HAVE_SYS_SOCKET_H 1
| #define HAVE_LOCALE_H 1
| #define HAVE_MALLOC_H 1
| #define HAVE_STRING_H 1
| #define HAVE_SYS_TIME_H 1
| #define HAVE_FCNTL_H 1
| #define HAVE_STDBOOL_H 1
| /* end confdefs.h.  */
| #include <vfork.h>
configure:6639: result: no
configure:6639: checking for vfork.h
configure:6639: result: no
configure:6652: checking for fork
configure:6652: gcc -o conftest -g -O2   conftest.c  >&5
conftest.c:63:6: warning: conflicting types for built-in function 'fork'
 char fork ();
      ^
configure:6652: $? = 0
configure:6652: result: yes
configure:6652: checking for vfork
configure:6652: gcc -o conftest -g -O2   conftest.c  >&5
configure:6652: $? = 0
configure:6652: result: yes
configure:6662: checking for working fork
configure:6684: gcc -o conftest -g -O2   conftest.c  >&5
configure:6684: $? = 0
configure:6684: ./conftest
configure:6684: $? = 0
configure:6694: result: yes
configure:6715: checking for working vfork
configure:6825: result: yes
configure:6852: checking for stdlib.h
configure:6852: result: yes
configure:6862: checking for GNU libc compatible malloc
configure:6886: gcc -o conftest -g -O2   conftest.c  >&5
configure:6886: $? = 0
configure:6886: ./conftest
configure:6886: $? = 0
configure:6896: result: yes
configure:6920: checking for memcpy
configure:6920: gcc -o conftest -g -O2   conftest.c  >&5
conftest.c:69:6: warning: conflicting types for built-in function 'memcpy'
 char memcpy ();
      ^
configure:6920: $? = 0
configure:6920: result: yes
configure:6920: checking for bzero
configure:6920: gcc -o conftest -g -O2   conftest.c  >&5
conftest.c:70:6: warning: conflicting types for built-in function 'bzero'
 char bzero ();
      ^
configure:6920: $? = 0
configure:6920: result: yes
configure:6920: checking for inet_ntoa
configure:6920: gcc -o conftest -g -O2   conftest.c  >&5
configure:6920: $? = 0
configure:6920: result: yes
configure:6920: checking for inet_aton
configure:6920: gcc -o conftest -g -O2   conftest.c  >&5
configure:6920: $? = 0
configure:6920: result: yes
configure:6920: checking for memset
configure:6920: gcc -o conftest -g -O2   conftest.c  >&5
conftest.c:73:6: warning: conflicting types for built-in function 'memset'
 char memset ();
      ^
configure:6920: $? = 0
configure:6920: result: yes
configure:6920: checking for select
configure:6920: gcc -o conftest -g -O2   conftest.c  >&5
configure:6920: $? = 0
configure:6920: result: yes
configure:6920: checking for socket
configure:6920: gcc -o conftest -g -O2   conftest.c  >&5
configure:6920: $? = 0
configure:6920: result: yes
configure:7046: checking that generated files are newer than configure
configure:7052: result: done
configure:7076: creating ./config.status

## ---------------------- ##
## Running config.status. ##
## ---------------------- ##

This file was extended by Sea_Fight config.status 1.0, which was
generated by GNU Autoconf 2.69.  Invocation command line was

  CONFIG_FILES    = 
  CONFIG_HEADERS  = 
  CONFIG_LINKS    = 
  CONFIG_COMMANDS = 
  $ ./config.status 

on alexey-N61Da

config.status:904: creating Makefile
config.status:904: creating src/Makefile
config.status:904: creating src/client/Makefile
config.status:904: creating src/server/Makefile
config.status:904: creating config.h
config.status:1085: config.h is unchanged
config.status:1133: executing depfiles commands

## ---------------- ##
## Cache variables. ##
## ---------------- ##

ac_cv_build=x86_64-pc-linux-gnu
ac_cv_c_bigendian=no
ac_cv_c_compiler_gnu=yes
ac_cv_env_CC_set=
ac_cv_env_CC_value=
ac_cv_env_CFLAGS_set=
ac_cv_env_CFLAGS_value=
ac_cv_env_CPPFLAGS_set=
ac_cv_env_CPPFLAGS_value=
ac_cv_env_CPP_set=
ac_cv_env_CPP_value=
ac_cv_env_CURSES_LIB_set=
ac_cv_env_CURSES_LIB_value=
ac_cv_env_LDFLAGS_set=
ac_cv_env_LDFLAGS_value=
ac_cv_env_LIBS_set=
ac_cv_env_LIBS_value=
ac_cv_env_build_alias_set=
ac_cv_env_build_alias_value=
ac_cv_env_host_alias_set=
ac_cv_env_host_alias_value=
ac_cv_env_target_alias_set=
ac_cv_env_target_alias_value=
ac_cv_func_bzero=yes
ac_cv_func_fork=yes
ac_cv_func_fork_works=yes
ac_cv_func_inet_aton=yes
ac_cv_func_inet_ntoa=yes
ac_cv_func_malloc_0_nonnull=yes
ac_cv_func_memcpy=yes
ac_cv_func_memset=yes
ac_cv_func_select=yes
ac_cv_func_socket=yes
ac_cv_func_vfork=yes
ac_cv_func_vfork_works=yes
ac_cv_header_fcntl_h=yes
ac_cv_header_inttypes_h=yes
ac_cv_header_locale_h=yes
ac_cv_header_malloc_h=yes
ac_cv_header_memory_h=yes
ac_cv_header_netinet_in_h=yes
ac_cv_header_stdbool_h=yes
ac_cv_header_stdc=yes
ac_cv_header_stdint_h=yes
ac_cv_header_stdio_h=yes
ac_cv_header_stdlib_h=yes
ac_cv_header_string_h=yes
ac_cv_header_strings_h=yes
ac_cv_header_sys_socket_h=yes
ac_cv_header_sys_stat_h=yes
ac_cv_header_sys_time_h=yes
ac_cv_header_sys_types_h=yes
ac_cv_header_unistd_h=yes
ac_cv_header_unistd_harpa_inet_h=no
ac_cv_header_vfork_h=no
ac_cv_host=x86_64-pc-linux-gnu
ac_cv_objext=o
ac_cv_path_EGREP='/bin/grep -E'
ac_cv_path_GREP=/bin/grep
ac_cv_path_install='/usr/bin/install -c'
ac_cv_path_mkdir=/bin/mkdir
ac_cv_prog_AWK=mawk
ac_cv_prog_CPP='gcc -E'
ac_cv_prog_ac_ct_CC=gcc
ac_cv_prog_cc_c89=
ac_cv_prog_cc_g=yes
ac_cv_prog_make_make_set=yes
ac_cv_type_pid_t=yes
ac_cv_type_size_t=yes
ac_cv_type_uid_t=yes
am_cv_CC_dependencies_compiler_type=gcc3
am_cv_make_support_nested_variables=yes
am_cv_prog_cc_c_o=yes
ax_cv_PTHREAD_PRIO_INHERIT=yes
ax_cv_curses=yes
ax_cv_curses_color=yes
ax_cv_curses_enhanced=no
ax_cv_curses_obsolete=yes
ax_cv_curses_which=ncurses
ax_cv_header_ncurses_curses_h=no
ax_cv_header_ncurses_h=yes
ax_cv_ncurses=yes
ax_cv_ncursesw=no

## ----------------- ##
## Output variables. ##
## ----------------- ##

ACLOCAL='${SHELL} "/home/alexey/Sea_Fight (Test branch)/Sea_Fight/missing" aclocal-1.15'
AMDEPBACKSLASH='\'
AMDEP_FALSE='#'
AMDEP_TRUE=''
AMTAR='$${TAR-tar}'
AM_BACKSLASH='\'
AM_DEFAULT_V='$(AM_DEFAULT_VERBOSITY)'
AM_DEFAULT_VERBOSITY='1'
AM_V='$(V)'
AUTOCONF='${SHELL} "/home/alexey/Sea_Fight (Test branch)/Sea_Fight/missing" autoconf'
AUTOHEADER='${SHELL} "/home/alexey/Sea_Fight (Test branch)/Sea_Fight/missing" autoheader'
AUTOMAKE='${SHELL} "/home/alexey/Sea_Fight (Test branch)/Sea_Fight/missing" automake-1.15'
AWK='mawk'
CC='gcc'
CCDEPMODE='depmode=gcc3'
CFLAGS='-g -O2'
CPP='gcc -E'
CPPFLAGS=''
CURSES_LIB='-lncurses'
CYGPATH_W='echo'
DEFS='-DHAVE_CONFIG_H'
DEPDIR='.deps'
ECHO_C=''
ECHO_N='-n'
ECHO_T=''
EGREP='/bin/grep -E'
EXEEXT=''
GREP='/bin/grep'
INSTALL_DATA='${INSTALL} -m 644'
INSTALL_PROGRAM='${INSTALL}'
INSTALL_SCRIPT='${INSTALL}'
INSTALL_STRIP_PROGRAM='$(install_sh) -c -s'
LDFLAGS=''
LIBOBJS=''
LIBS=''
LTLIBOBJS=''
MAINT='#'
MAINTAINER_MODE_FALSE=''
MAINTAINER_MODE_TRUE='#'
MAKEINFO='${SHELL} "/home/alexey/Sea_Fight (Test branch)/Sea_Fight/missing" makeinfo'
MKDIR_P='/bin/mkdir -p'
OBJEXT='o'
PACKAGE='sea_fight'
PACKAGE_BUGREPORT=''
PACKAGE_NAME='Sea_Fight'
PACKAGE_STRING='Sea_Fight 1.0'
PACKAGE_TARNAME='sea_fight'
PACKAGE_URL=''
PACKAGE_VERSION='1.0'
PATH_SEPARATOR=':'
PTHREAD_CC='gcc'
PTHREAD_CFLAGS='-pthread'
PTHREAD_LIBS=''
SET_MAKE=''
SHELL='/bin/bash'
STRIP=''
VERSION='1.0'
ac_ct_CC='gcc'
am__EXEEXT_FALSE=''
am__EXEEXT_TRUE='#'
am__fastdepCC_FALSE='#'
am__fastdepCC_TRUE=''
am__include='include'
am__isrc=''
am__leading_dot='.'
am__nodep='_no'
am__quote=''
am__tar='$${TAR-tar} chof - "$$tardir"'
am__untar='$${TAR-tar} xf -'
ax_pthread_config=''
bindir='${exec_prefix}/bin'
build='x86_64-pc-linux-gnu'
build_alias=''
build_cpu='x86_64'
build_os='linux-gnu'
build_vendor='pc'
datadir='${datarootdir}'
datarootdir='${prefix}/share'
docdir='${datarootdir}/doc/${PACKAGE_TARNAME}'
dvidir='${docdir}'
exec_prefix='${prefix}'
host='x86_64-pc-linux-gnu'
host_alias=''
host_cpu='x86_64'
host_os='linux-gnu'
host_vendor='pc'
htmldir='${docdir}'
includedir='${prefix}/include'
infodir='${datarootdir}/info'
install_sh='${SHELL} '\''/home/alexey/Sea_Fight (Test branch)/Sea_Fight/install-sh'\'''
libdir='${exec_prefix}/lib'
libexecdir='${exec_prefix}/libexec'
localedir='${datarootdir}/locale'
localstatedir='${prefix}/var'
mandir='${datarootdir}/man'
mkdir_p='$(MKDIR_P)'
oldincludedir='/usr/include'
pdfdir='${docdir}'
prefix='/usr/local'
program_transform_name='s,x,x,'
psdir='${docdir}'
runstatedir='${localstatedir}/run'
sbindir='${exec_prefix}/sbin'
sharedstatedir='${prefix}/com'
sysconfdir='${prefix}/etc'
target_alias=''

## ----------- ##
## confdefs.h. ##
## ----------- ##

/* confdefs.h */
#define PACKAGE_NAME "Sea_Fight"
#define PACKAGE_TARNAME "sea_fight"
#define PACKAGE_VERSION "1.0"
#define PACKAGE_STRING "Sea_Fight 1.0"
#define PACKAGE_BUGREPORT ""
#define PACKAGE_URL ""
#define PACKAGE "sea_fight"
#define VERSION "1.0"
#define HAVE_PTHREAD_PRIO_INHERIT 1
#define HAVE_PTHREAD 1
#define HAVE_PTHREAD_PRIO_INHERIT 1
#define HAVE_PTHREAD 1
#define HAVE_NCURSES 1
#define HAVE_CURSES 1
#define HAVE_CURSES_COLOR 1
#define HAVE_CURSES_OBSOLETE 1
#define HAVE_NCURSES_H 1
#define STDC_HEADERS 1
#define HAVE_SYS_TYPES_H 1
#define HAVE_SYS_STAT_H 1
#define HAVE_STDLIB_H 1
#define HAVE_STRING_H 1
#define HAVE_MEMORY_H 1
#define HAVE_STRINGS_H 1
#define HAVE_INTTYPES_H 1
#define HAVE_STDINT_H 1
#define HAVE_UNISTD_H 1
#define HAVE_STDLIB_H 1
#define HAVE_STDIO_H 1
#define HAVE_NETINET_IN_H 1
#define HAVE_SYS_SOCKET_H 1
#define HAVE_LOCALE_H 1
#define HAVE_MALLOC_H 1
#define HAVE_STRING_H 1
#define HAVE_SYS_TIME_H 1
#define HAVE_FCNTL_H 1
#define HAVE_STDBOOL_H 1
#define HAVE_FORK 1
#define HAVE_VFORK 1
#define HAVE_WORKING_VFORK 1
#define HAVE_WORKING_FORK 1
#define HAVE_STDLIB_H 1
#define HAVE_MALLOC 1
#define HAVE_MEMCPY 1
#define HAVE_BZERO 1
#define HAVE_INET_NTOA 1
#define HAVE_INET_ATON 1
#define HAVE_MEMSET 1
#define HAVE_SELECT 1
#define HAVE_SOCKET 1

configure: exit 0
